<?xml version="1.0" encoding="UTF-8" ?>
<testsuite tests="14" failures="0" name="ex4.ArtefactTest" time="1.905" errors="0" skipped="0">
  <properties>
[...]
</properties>
  <testcase classname="ex4.ArtefactTest" name="testReturnArtefactNotAvailableIfArtefactStopsBeforeAnswering" time="0.12"/>
  <testcase classname="ex4.ArtefactTest" name="testReplyWithEmptyReadingIfNoWellIsKnown" time="0.015"/>
  <testcase classname="ex4.ArtefactTest" name="testIt" time="0.139"/>
  <testcase classname="ex4.ArtefactTest" name="testReturnSameActorForSameArtefactId" time="0.023"/>
  <testcase classname="ex4.ArtefactTest" name="testReplyWithLatestWellReading" time="0.016"/>
  <testcase classname="ex4.ArtefactTest" name="testReplyToRegistrationRequests" time="0.014"/>
  <testcase classname="ex4.ArtefactTest" name="testIgnoreRequestsForWrongGroupId" time="0.114"/>
  <testcase classname="ex4.ArtefactTest" name="testCollectWellsFromAllActiveArtefacts" time="0.028"/>
  <testcase classname="ex4.ArtefactTest" name="testReturnArtefactTimedOutIfArtefactDoesNotAnswerInTime" time="1.052"/>
  <testcase classname="ex4.ArtefactTest" name="testReturnWellNotAvailableForArtefactsWithNoReadings" time="0.058"/>
  <testcase classname="ex4.ArtefactTest" name="testReturnWellValueForWorkingArtefacts" time="0.048"/>
  <testcase classname="ex4.ArtefactTest" name="testReturnWellReadingEvenIfArtefactStopsAfterAnswering" time="0.048"/>
  <testcase classname="ex4.ArtefactTest" name="testRegisterArtefactActor" time="0.015"/>
  <testcase classname="ex4.ArtefactTest" name="testIgnoreWrongRegistrationRequests" time="0.215"/>
</testsuite>